

***********************************************************************
Fatal NI connect error 12541, connecting to:
 (DESCRIPTION=(ADDRESS=(PROTOCOL=TCP)(HOST=localhost)(PORT=1521))(CONNECT_DATA=(SERVICE_NAME=LSP)(CID=(PROGRAM=E:\Program\LSP\PROGRAM\lsp\lsp\bin\Debug\lsp.vshost.exe)(HOST=ARDIAN)(USER=ard14n))))

  VERSION INFORMATION:
	TNS for 32-bit Windows: Version 10.1.0.2.0 - Production
	Windows NT TCP/IP NT Protocol Adapter for 32-bit Windows: Version 10.1.0.2.0 - Production
  Time: 13-JUL-2012 21:27:49
  Tracing not turned on.
  Tns error struct:
    ns main err code: 12541
    TNS-12541: TNS:no listener
    ns secondary err code: 12560
    nt main err code: 511
    TNS-00511: No listener
    nt secondary err code: 61
    nt OS err code: 0


***********************************************************************
Fatal NI connect error 12541, connecting to:
 (DESCRIPTION=(ADDRESS=(PROTOCOL=TCP)(HOST=localhost)(PORT=1521))(CONNECT_DATA=(SERVICE_NAME=LSP)(CID=(PROGRAM=E:\Program\LSP\PROGRAM\lsp\lsp\bin\Debug\lsp.vshost.exe)(HOST=ARDIAN)(USER=ard14n))))

  VERSION INFORMATION:
	TNS for 32-bit Windows: Version 10.1.0.2.0 - Production
	Windows NT TCP/IP NT Protocol Adapter for 32-bit Windows: Version 10.1.0.2.0 - Production
  Time: 13-JUL-2012 21:27:58
  Tracing not turned on.
  Tns error struct:
    ns main err code: 12541
    TNS-12541: TNS:no listener
    ns secondary err code: 12560
    nt main err code: 511
    TNS-00511: No listener
    nt secondary err code: 61
    nt OS err code: 0


***********************************************************************
Fatal NI connect error 12541, connecting to:
 (DESCRIPTION=(ADDRESS=(PROTOCOL=TCP)(HOST=localhost)(PORT=1521))(CONNECT_DATA=(SERVICE_NAME=LSP)(CID=(PROGRAM=E:\Program\LSP\PROGRAM\lsp\lsp\bin\Debug\lsp.vshost.exe)(HOST=ARDIAN)(USER=ard14n))))

  VERSION INFORMATION:
	TNS for 32-bit Windows: Version 10.1.0.2.0 - Production
	Windows NT TCP/IP NT Protocol Adapter for 32-bit Windows: Version 10.1.0.2.0 - Production
  Time: 13-JUL-2012 21:31:39
  Tracing not turned on.
  Tns error struct:
    ns main err code: 12541
    TNS-12541: TNS:no listener
    ns secondary err code: 12560
    nt main err code: 511
    TNS-00511: No listener
    nt secondary err code: 61
    nt OS err code: 0


***********************************************************************
Fatal NI connect error 12541, connecting to:
 (DESCRIPTION=(ADDRESS=(PROTOCOL=TCP)(HOST=localhost)(PORT=1521))(CONNECT_DATA=(SERVICE_NAME=LSP)(CID=(PROGRAM=E:\Program\LSP\PROGRAM\lsp\lsp\bin\Debug\lsp.vshost.exe)(HOST=ARDIAN)(USER=ard14n))))

  VERSION INFORMATION:
	TNS for 32-bit Windows: Version 10.1.0.2.0 - Production
	Windows NT TCP/IP NT Protocol Adapter for 32-bit Windows: Version 10.1.0.2.0 - Production
  Time: 14-JUL-2012 21:40:28
  Tracing not turned on.
  Tns error struct:
    ns main err code: 12541
    TNS-12541: TNS:no listener
    ns secondary err code: 12560
    nt main err code: 511
    TNS-00511: No listener
    nt secondary err code: 61
    nt OS err code: 0


***********************************************************************
Fatal NI connect error 12541, connecting to:
 (DESCRIPTION=(ADDRESS=(PROTOCOL=TCP)(HOST=localhost)(PORT=1521))(CONNECT_DATA=(SERVICE_NAME=LSP)(CID=(PROGRAM=E:\Program\LSP\PROGRAM\lsp\lsp\bin\Debug\lsp.vshost.exe)(HOST=ARDIAN)(USER=ard14n))))

  VERSION INFORMATION:
	TNS for 32-bit Windows: Version 10.1.0.2.0 - Production
	Windows NT TCP/IP NT Protocol Adapter for 32-bit Windows: Version 10.1.0.2.0 - Production
  Time: 14-JUL-2012 21:40:33
  Tracing not turned on.
  Tns error struct:
    ns main err code: 12541
    TNS-12541: TNS:no listener
    ns secondary err code: 12560
    nt main err code: 511
    TNS-00511: No listener
    nt secondary err code: 61
    nt OS err code: 0


***********************************************************************
Fatal NI connect error 12545, connecting to:
 (DESCRIPTION=(ADDRESS=(PROTOCOL=TCP)(HOST=serverlsp)(PORT=1521))(CONNECT_DATA=(SERVICE_NAME=LSP)(CID=(PROGRAM=E:\Program\LSP\PROGRAM\lsp\lsp\bin\Debug\lsp.vshost.exe)(HOST=ARDIAN)(USER=ard14n))))

  VERSION INFORMATION:
	TNS for 32-bit Windows: Version 10.1.0.2.0 - Production
	Windows NT TCP/IP NT Protocol Adapter for 32-bit Windows: Version 10.1.0.2.0 - Production
  Time: 03-SEP-2012 21:30:14
  Tracing not turned on.
  Tns error struct:
    ns main err code: 12545
    TNS-12545: Connect failed because target host or object does not exist
    ns secondary err code: 12560
    nt main err code: 515
    TNS-00515: Connect failed because target host or object does not exist
    nt secondary err code: 1001
    nt OS err code: 0


***********************************************************************
Fatal NI connect error 12545, connecting to:
 (DESCRIPTION=(ADDRESS=(PROTOCOL=TCP)(HOST=serverlsp)(PORT=1521))(CONNECT_DATA=(SERVICE_NAME=LSP)(CID=(PROGRAM=E:\Program\LSP\PROGRAM\lsp\lsp\bin\Debug\lsp.vshost.exe)(HOST=ARDIAN)(USER=ard14n))))

  VERSION INFORMATION:
	TNS for 32-bit Windows: Version 10.1.0.2.0 - Production
	Windows NT TCP/IP NT Protocol Adapter for 32-bit Windows: Version 10.1.0.2.0 - Production
  Time: 03-SEP-2012 21:31:46
  Tracing not turned on.
  Tns error struct:
    ns main err code: 12545
    TNS-12545: Connect failed because target host or object does not exist
    ns secondary err code: 12560
    nt main err code: 515
    TNS-00515: Connect failed because target host or object does not exist
    nt secondary err code: 1001
    nt OS err code: 0


***********************************************************************
Fatal NI connect error 12545, connecting to:
 (DESCRIPTION=(ADDRESS=(PROTOCOL=TCP)(HOST=serverlsp)(PORT=1521))(CONNECT_DATA=(SERVICE_NAME=LSP)(CID=(PROGRAM=E:\Program\LSP\PROGRAM\lsp\lsp\bin\Debug\lsp.vshost.exe)(HOST=ARDIAN)(USER=ard14n))))

  VERSION INFORMATION:
	TNS for 32-bit Windows: Version 10.1.0.2.0 - Production
	Windows NT TCP/IP NT Protocol Adapter for 32-bit Windows: Version 10.1.0.2.0 - Production
  Time: 03-SEP-2012 21:33:52
  Tracing not turned on.
  Tns error struct:
    ns main err code: 12545
    TNS-12545: Connect failed because target host or object does not exist
    ns secondary err code: 12560
    nt main err code: 515
    TNS-00515: Connect failed because target host or object does not exist
    nt secondary err code: 1001
    nt OS err code: 0


***********************************************************************
Fatal NI connect error 12541, connecting to:
 (DESCRIPTION=(ADDRESS=(PROTOCOL=TCP)(HOST=ardian)(PORT=1521))(CONNECT_DATA=(SERVICE_NAME=LSP)(CID=(PROGRAM=E:\Program\LSP\PROGRAM\lsp\lsp\bin\Debug\lsp.vshost.exe)(HOST=ARDIAN)(USER=ard14n))))

  VERSION INFORMATION:
	TNS for 32-bit Windows: Version 10.1.0.2.0 - Production
	Windows NT TCP/IP NT Protocol Adapter for 32-bit Windows: Version 10.1.0.2.0 - Production
  Time: 04-SEP-2012 04:37:08
  Tracing not turned on.
  Tns error struct:
    ns main err code: 12541
    TNS-12541: TNS:no listener
    ns secondary err code: 12560
    nt main err code: 511
    TNS-00511: No listener
    nt secondary err code: 61
    nt OS err code: 0


***********************************************************************
Fatal NI connect error 12541, connecting to:
 (DESCRIPTION=(ADDRESS=(PROTOCOL=TCP)(HOST=ardian)(PORT=1521))(CONNECT_DATA=(SERVICE_NAME=LSP)(CID=(PROGRAM=E:\Program\LSP\PROGRAM\lsp\lsp\bin\Debug\lsp.vshost.exe)(HOST=ARDIAN)(USER=ard14n))))

  VERSION INFORMATION:
	TNS for 32-bit Windows: Version 10.1.0.2.0 - Production
	Windows NT TCP/IP NT Protocol Adapter for 32-bit Windows: Version 10.1.0.2.0 - Production
  Time: 04-SEP-2012 06:39:38
  Tracing not turned on.
  Tns error struct:
    ns main err code: 12541
    TNS-12541: TNS:no listener
    ns secondary err code: 12560
    nt main err code: 511
    TNS-00511: No listener
    nt secondary err code: 61
    nt OS err code: 0


***********************************************************************
Fatal NI connect error 12541, connecting to:
 (DESCRIPTION=(ADDRESS=(PROTOCOL=TCP)(HOST=ardian)(PORT=1521))(CONNECT_DATA=(SERVICE_NAME=LSP)(CID=(PROGRAM=E:\Program\LSP\PROGRAM\lsp\lsp\bin\Debug\lsp.vshost.exe)(HOST=ARDIAN)(USER=ard14n))))

  VERSION INFORMATION:
	TNS for 32-bit Windows: Version 10.1.0.2.0 - Production
	Windows NT TCP/IP NT Protocol Adapter for 32-bit Windows: Version 10.1.0.2.0 - Production
  Time: 09-SEP-2012 12:35:10
  Tracing not turned on.
  Tns error struct:
    ns main err code: 12541
    TNS-12541: TNS:no listener
    ns secondary err code: 12560
    nt main err code: 511
    TNS-00511: No listener
    nt secondary err code: 61
    nt OS err code: 0


***********************************************************************
Fatal NI connect error 12541, connecting to:
 (DESCRIPTION=(ADDRESS=(PROTOCOL=TCP)(HOST=ardian)(PORT=1521))(CONNECT_DATA=(SERVICE_NAME=LSP)(CID=(PROGRAM=E:\Program\LSP\PROGRAM\lsp\lsp\bin\Debug\lsp.vshost.exe)(HOST=ARDIAN)(USER=ard14n))))

  VERSION INFORMATION:
	TNS for 32-bit Windows: Version 10.1.0.2.0 - Production
	Windows NT TCP/IP NT Protocol Adapter for 32-bit Windows: Version 10.1.0.2.0 - Production
  Time: 09-SEP-2012 12:35:17
  Tracing not turned on.
  Tns error struct:
    ns main err code: 12541
    TNS-12541: TNS:no listener
    ns secondary err code: 12560
    nt main err code: 511
    TNS-00511: No listener
    nt secondary err code: 61
    nt OS err code: 0


***********************************************************************
Fatal NI connect error 12545, connecting to:
 (DESCRIPTION=(ADDRESS=(PROTOCOL=TCP)(HOST=serverlsp)(PORT=1521))(CONNECT_DATA=(SERVICE_NAME=LSP)(CID=(PROGRAM=E:\Program\LSP\PROGRAM\lsp\lsp\bin\Debug\lsp.vshost.exe)(HOST=ARDIAN)(USER=ard14n))))

  VERSION INFORMATION:
	TNS for 32-bit Windows: Version 10.1.0.2.0 - Production
	Windows NT TCP/IP NT Protocol Adapter for 32-bit Windows: Version 10.1.0.2.0 - Production
  Time: 09-SEP-2012 20:23:27
  Tracing not turned on.
  Tns error struct:
    ns main err code: 12545
    TNS-12545: Connect failed because target host or object does not exist
    ns secondary err code: 12560
    nt main err code: 515
    TNS-00515: Connect failed because target host or object does not exist
    nt secondary err code: 1001
    nt OS err code: 0


***********************************************************************
Fatal NI connect error 12545, connecting to:
 (DESCRIPTION=(ADDRESS=(PROTOCOL=TCP)(HOST=serverlsp)(PORT=1521))(CONNECT_DATA=(SERVICE_NAME=LSP)(CID=(PROGRAM=E:\Program\LSP\PROGRAM\lsp\lsp\bin\Debug\lsp.vshost.exe)(HOST=ARDIAN)(USER=ard14n))))

  VERSION INFORMATION:
	TNS for 32-bit Windows: Version 10.1.0.2.0 - Production
	Windows NT TCP/IP NT Protocol Adapter for 32-bit Windows: Version 10.1.0.2.0 - Production
  Time: 09-SEP-2012 20:23:36
  Tracing not turned on.
  Tns error struct:
    ns main err code: 12545
    TNS-12545: Connect failed because target host or object does not exist
    ns secondary err code: 12560
    nt main err code: 515
    TNS-00515: Connect failed because target host or object does not exist
    nt secondary err code: 1001
    nt OS err code: 0


***********************************************************************
Fatal NI connect error 12545, connecting to:
 (DESCRIPTION=(ADDRESS=(PROTOCOL=TCP)(HOST=serverlsp)(PORT=1521))(CONNECT_DATA=(SERVICE_NAME=LSP)(CID=(PROGRAM=E:\Program\LSP\PROGRAM\lsp\lsp\bin\Debug\lsp.vshost.exe)(HOST=ARDIAN)(USER=ard14n))))

  VERSION INFORMATION:
	TNS for 32-bit Windows: Version 10.1.0.2.0 - Production
	Windows NT TCP/IP NT Protocol Adapter for 32-bit Windows: Version 10.1.0.2.0 - Production
  Time: 09-SEP-2012 20:24:15
  Tracing not turned on.
  Tns error struct:
    ns main err code: 12545
    TNS-12545: Connect failed because target host or object does not exist
    ns secondary err code: 12560
    nt main err code: 515
    TNS-00515: Connect failed because target host or object does not exist
    nt secondary err code: 1001
    nt OS err code: 0


***********************************************************************
Fatal NI connect error 12541, connecting to:
 (DESCRIPTION=(ADDRESS=(PROTOCOL=TCP)(HOST=ardian)(PORT=1521))(CONNECT_DATA=(SERVICE_NAME=LSP)(CID=(PROGRAM=E:\Program\LSP\PROGRAM\lsp\lsp\bin\Debug\lsp.vshost.exe)(HOST=ARDIAN)(USER=ard14n))))

  VERSION INFORMATION:
	TNS for 32-bit Windows: Version 10.1.0.2.0 - Production
	Windows NT TCP/IP NT Protocol Adapter for 32-bit Windows: Version 10.1.0.2.0 - Production
  Time: 12-SEP-2012 05:37:31
  Tracing not turned on.
  Tns error struct:
    ns main err code: 12541
    TNS-12541: TNS:no listener
    ns secondary err code: 12560
    nt main err code: 511
    TNS-00511: No listener
    nt secondary err code: 61
    nt OS err code: 0


***********************************************************************
Fatal NI connect error 12541, connecting to:
 (DESCRIPTION=(ADDRESS=(PROTOCOL=TCP)(HOST=ardian)(PORT=1521))(CONNECT_DATA=(SERVICE_NAME=LSP)(CID=(PROGRAM=E:\Program\LSP\PROGRAM\lsp\lsp\bin\Debug\lsp.vshost.exe)(HOST=ARDIAN)(USER=ard14n))))

  VERSION INFORMATION:
	TNS for 32-bit Windows: Version 10.1.0.2.0 - Production
	Windows NT TCP/IP NT Protocol Adapter for 32-bit Windows: Version 10.1.0.2.0 - Production
  Time: 14-SEP-2012 02:56:06
  Tracing not turned on.
  Tns error struct:
    ns main err code: 12541
    TNS-12541: TNS:no listener
    ns secondary err code: 12560
    nt main err code: 511
    TNS-00511: No listener
    nt secondary err code: 61
    nt OS err code: 0


***********************************************************************
Fatal NI connect error 12541, connecting to:
 (DESCRIPTION=(ADDRESS=(PROTOCOL=TCP)(HOST=ardian)(PORT=1521))(CONNECT_DATA=(SERVICE_NAME=LSP)(CID=(PROGRAM=E:\Program\LSP\PROGRAM\lsp\lsp\bin\Debug\lsp.vshost.exe)(HOST=ARDIAN)(USER=ard14n))))

  VERSION INFORMATION:
	TNS for 32-bit Windows: Version 10.1.0.2.0 - Production
	Windows NT TCP/IP NT Protocol Adapter for 32-bit Windows: Version 10.1.0.2.0 - Production
  Time: 15-SEP-2012 10:01:01
  Tracing not turned on.
  Tns error struct:
    ns main err code: 12541
    TNS-12541: TNS:no listener
    ns secondary err code: 12560
    nt main err code: 511
    TNS-00511: No listener
    nt secondary err code: 61
    nt OS err code: 0


***********************************************************************
Fatal NI connect error 12541, connecting to:
 (DESCRIPTION=(ADDRESS=(PROTOCOL=TCP)(HOST=ardian)(PORT=1521))(CONNECT_DATA=(SERVICE_NAME=LSP)(CID=(PROGRAM=E:\Program\LSP\PROGRAM\lsp\lsp\bin\Debug\lsp.vshost.exe)(HOST=ARDIAN)(USER=ard14n))))

  VERSION INFORMATION:
	TNS for 32-bit Windows: Version 10.1.0.2.0 - Production
	Windows NT TCP/IP NT Protocol Adapter for 32-bit Windows: Version 10.1.0.2.0 - Production
  Time: 17-SEP-2012 14:16:38
  Tracing not turned on.
  Tns error struct:
    ns main err code: 12541
    TNS-12541: TNS:no listener
    ns secondary err code: 12560
    nt main err code: 511
    TNS-00511: No listener
    nt secondary err code: 61
    nt OS err code: 0


***********************************************************************
Fatal NI connect error 12541, connecting to:
 (DESCRIPTION=(ADDRESS=(PROTOCOL=TCP)(HOST=ardian)(PORT=1521))(CONNECT_DATA=(SERVICE_NAME=LSP)(CID=(PROGRAM=E:\Program\LSP\PROGRAM\lsp\lsp\bin\Debug\lsp.vshost.exe)(HOST=ARDIAN)(USER=ard14n))))

  VERSION INFORMATION:
	TNS for 32-bit Windows: Version 10.1.0.2.0 - Production
	Windows NT TCP/IP NT Protocol Adapter for 32-bit Windows: Version 10.1.0.2.0 - Production
  Time: 17-SEP-2012 14:17:52
  Tracing not turned on.
  Tns error struct:
    ns main err code: 12541
    TNS-12541: TNS:no listener
    ns secondary err code: 12560
    nt main err code: 511
    TNS-00511: No listener
    nt secondary err code: 61
    nt OS err code: 0


***********************************************************************
Fatal NI connect error 12541, connecting to:
 (DESCRIPTION=(ADDRESS=(PROTOCOL=TCP)(HOST=ardian)(PORT=1521))(CONNECT_DATA=(SERVICE_NAME=LSP)(CID=(PROGRAM=E:\Program\LSP\PROGRAM\lsp\lsp\bin\Debug\lsp.vshost.exe)(HOST=ARDIAN)(USER=ard14n))))

  VERSION INFORMATION:
	TNS for 32-bit Windows: Version 10.1.0.2.0 - Production
	Windows NT TCP/IP NT Protocol Adapter for 32-bit Windows: Version 10.1.0.2.0 - Production
  Time: 21-SEP-2012 06:12:57
  Tracing not turned on.
  Tns error struct:
    ns main err code: 12541
    TNS-12541: TNS:no listener
    ns secondary err code: 12560
    nt main err code: 511
    TNS-00511: No listener
    nt secondary err code: 61
    nt OS err code: 0


***********************************************************************
Fatal NI connect error 12541, connecting to:
 (DESCRIPTION=(ADDRESS=(PROTOCOL=TCP)(HOST=ardian)(PORT=1521))(CONNECT_DATA=(SERVICE_NAME=LSP)(CID=(PROGRAM=E:\Program\LSP\PROGRAM\lsp\lsp\bin\Debug\lsp.vshost.exe)(HOST=ARDIAN)(USER=ard14n))))

  VERSION INFORMATION:
	TNS for 32-bit Windows: Version 10.1.0.2.0 - Production
	Windows NT TCP/IP NT Protocol Adapter for 32-bit Windows: Version 10.1.0.2.0 - Production
  Time: 22-SEP-2012 00:13:56
  Tracing not turned on.
  Tns error struct:
    ns main err code: 12541
    TNS-12541: TNS:no listener
    ns secondary err code: 12560
    nt main err code: 511
    TNS-00511: No listener
    nt secondary err code: 61
    nt OS err code: 0


***********************************************************************
Fatal NI connect error 12541, connecting to:
 (DESCRIPTION=(ADDRESS=(PROTOCOL=TCP)(HOST=ardian)(PORT=1521))(CONNECT_DATA=(SERVICE_NAME=LSP)(CID=(PROGRAM=E:\Program\LSP\PROGRAM\lsp\lsp\bin\Debug\lsp.vshost.exe)(HOST=ARDIAN)(USER=ard14n))))

  VERSION INFORMATION:
	TNS for 32-bit Windows: Version 10.1.0.2.0 - Production
	Windows NT TCP/IP NT Protocol Adapter for 32-bit Windows: Version 10.1.0.2.0 - Production
  Time: 22-SEP-2012 23:26:31
  Tracing not turned on.
  Tns error struct:
    ns main err code: 12541
    TNS-12541: TNS:no listener
    ns secondary err code: 12560
    nt main err code: 511
    TNS-00511: No listener
    nt secondary err code: 61
    nt OS err code: 0


***********************************************************************
Fatal NI connect error 12541, connecting to:
 (DESCRIPTION=(ADDRESS=(PROTOCOL=TCP)(HOST=ardian)(PORT=1521))(CONNECT_DATA=(SERVICE_NAME=LSP)(CID=(PROGRAM=E:\Program\LSP\PROGRAM\lsp\lsp\bin\Debug\lsp.vshost.exe)(HOST=ARDIAN)(USER=ard14n))))

  VERSION INFORMATION:
	TNS for 32-bit Windows: Version 10.1.0.2.0 - Production
	Windows NT TCP/IP NT Protocol Adapter for 32-bit Windows: Version 10.1.0.2.0 - Production
  Time: 23-SEP-2012 19:20:09
  Tracing not turned on.
  Tns error struct:
    ns main err code: 12541
    TNS-12541: TNS:no listener
    ns secondary err code: 12560
    nt main err code: 511
    TNS-00511: No listener
    nt secondary err code: 61
    nt OS err code: 0


***********************************************************************
Fatal NI connect error 12545, connecting to:
 (DESCRIPTION=(ADDRESS=(PROTOCOL=TCP)(HOST=serverlsp)(PORT=1521))(CONNECT_DATA=(SERVICE_NAME=LSP)(CID=(PROGRAM=E:\Program\LSP\PROGRAM\lsp\lsp\bin\Debug\lsp.vshost.exe)(HOST=ARDIAN)(USER=ard14n))))

  VERSION INFORMATION:
	TNS for 32-bit Windows: Version 10.1.0.2.0 - Production
	Windows NT TCP/IP NT Protocol Adapter for 32-bit Windows: Version 10.1.0.2.0 - Production
  Time: 25-SEP-2012 03:53:45
  Tracing not turned on.
  Tns error struct:
    ns main err code: 12545
    TNS-12545: Connect failed because target host or object does not exist
    ns secondary err code: 12560
    nt main err code: 515
    TNS-00515: Connect failed because target host or object does not exist
    nt secondary err code: 1001
    nt OS err code: 0


***********************************************************************
Fatal NI connect error 12528, connecting to:
 (DESCRIPTION=(ADDRESS=(PROTOCOL=TCP)(HOST=ardian)(PORT=1521))(CONNECT_DATA=(SERVICE_NAME=LSP)(CID=(PROGRAM=E:\Program\LSP\PROGRAM\lsp\lsp\bin\Debug\lsp.vshost.exe)(HOST=ARDIAN)(USER=ard14n))))

  VERSION INFORMATION:
	TNS for 32-bit Windows: Version 10.1.0.2.0 - Production
	Windows NT TCP/IP NT Protocol Adapter for 32-bit Windows: Version 10.1.0.2.0 - Production
  Time: 28-SEP-2012 21:18:54
  Tracing not turned on.
  Tns error struct:
    ns main err code: 12564
    TNS-12564: TNS:connection refused
    ns secondary err code: 0
    nt main err code: 0
    nt secondary err code: 0
    nt OS err code: 0


***********************************************************************
Fatal NI connect error 12528, connecting to:
 (DESCRIPTION=(ADDRESS=(PROTOCOL=TCP)(HOST=ardian)(PORT=1521))(CONNECT_DATA=(SERVICE_NAME=LSP)(CID=(PROGRAM=E:\Program\LSP\PROGRAM\lsp\lsp\bin\Debug\lsp.vshost.exe)(HOST=ARDIAN)(USER=ard14n))))

  VERSION INFORMATION:
	TNS for 32-bit Windows: Version 10.1.0.2.0 - Production
	Windows NT TCP/IP NT Protocol Adapter for 32-bit Windows: Version 10.1.0.2.0 - Production
  Time: 01-OCT-2012 22:02:03
  Tracing not turned on.
  Tns error struct:
    ns main err code: 12564
    TNS-12564: TNS:connection refused
    ns secondary err code: 0
    nt main err code: 0
    nt secondary err code: 0
    nt OS err code: 0


***********************************************************************
Fatal NI connect error 12541, connecting to:
 (DESCRIPTION=(ADDRESS=(PROTOCOL=TCP)(HOST=ardian)(PORT=1521))(CONNECT_DATA=(SERVICE_NAME=LSP)(CID=(PROGRAM=E:\Program\LSP\PROGRAM\lsp\lsp\bin\Debug\lsp.vshost.exe)(HOST=ARDIAN)(USER=ard14n))))

  VERSION INFORMATION:
	TNS for 32-bit Windows: Version 10.1.0.2.0 - Production
	Windows NT TCP/IP NT Protocol Adapter for 32-bit Windows: Version 10.1.0.2.0 - Production
  Time: 07-OCT-2012 13:44:09
  Tracing not turned on.
  Tns error struct:
    ns main err code: 12541
    TNS-12541: TNS:no listener
    ns secondary err code: 12560
    nt main err code: 511
    TNS-00511: No listener
    nt secondary err code: 61
    nt OS err code: 0


***********************************************************************
Fatal NI connect error 12541, connecting to:
 (DESCRIPTION=(ADDRESS=(PROTOCOL=TCP)(HOST=ardian)(PORT=1521))(CONNECT_DATA=(SERVICE_NAME=LSP)(CID=(PROGRAM=E:\Program\LSP\PROGRAM\lsp\lsp\bin\Debug\lsp.vshost.exe)(HOST=ARDIAN)(USER=ard14n))))

  VERSION INFORMATION:
	TNS for 32-bit Windows: Version 10.1.0.2.0 - Production
	Windows NT TCP/IP NT Protocol Adapter for 32-bit Windows: Version 10.1.0.2.0 - Production
  Time: 09-OCT-2012 04:53:55
  Tracing not turned on.
  Tns error struct:
    ns main err code: 12541
    TNS-12541: TNS:no listener
    ns secondary err code: 12560
    nt main err code: 511
    TNS-00511: No listener
    nt secondary err code: 61
    nt OS err code: 0


***********************************************************************
Fatal NI connect error 12545, connecting to:
 (DESCRIPTION=(ADDRESS=(PROTOCOL=TCP)(HOST=serverlsp)(PORT=1521))(CONNECT_DATA=(SERVICE_NAME=LSP)(CID=(PROGRAM=E:\Program\LSP\PROGRAM\lsp\lsp\bin\Debug\lsp.vshost.exe)(HOST=ARDIAN)(USER=ard14n))))

  VERSION INFORMATION:
	TNS for 32-bit Windows: Version 10.1.0.2.0 - Production
	Windows NT TCP/IP NT Protocol Adapter for 32-bit Windows: Version 10.1.0.2.0 - Production
  Time: 10-OCT-2012 04:14:14
  Tracing not turned on.
  Tns error struct:
    ns main err code: 12545
    TNS-12545: Connect failed because target host or object does not exist
    ns secondary err code: 12560
    nt main err code: 515
    TNS-00515: Connect failed because target host or object does not exist
    nt secondary err code: 1001
    nt OS err code: 0


***********************************************************************
Fatal NI connect error 12541, connecting to:
 (DESCRIPTION=(ADDRESS=(PROTOCOL=TCP)(HOST=ardian)(PORT=1521))(CONNECT_DATA=(SERVICE_NAME=LSP)(CID=(PROGRAM=E:\Program\LSP\PROGRAM\lsp\lsp\bin\Debug\lsp.vshost.exe)(HOST=ARDIAN)(USER=ard14n))))

  VERSION INFORMATION:
	TNS for 32-bit Windows: Version 10.1.0.2.0 - Production
	Windows NT TCP/IP NT Protocol Adapter for 32-bit Windows: Version 10.1.0.2.0 - Production
  Time: 13-OCT-2012 06:12:11
  Tracing not turned on.
  Tns error struct:
    ns main err code: 12541
    TNS-12541: TNS:no listener
    ns secondary err code: 12560
    nt main err code: 511
    TNS-00511: No listener
    nt secondary err code: 61
    nt OS err code: 0


***********************************************************************
Fatal NI connect error 12541, connecting to:
 (DESCRIPTION=(ADDRESS=(PROTOCOL=TCP)(HOST=ardian)(PORT=1521))(CONNECT_DATA=(SERVICE_NAME=LSP)(CID=(PROGRAM=E:\Program\LSP\PROGRAM\lsp\lsp\bin\Debug\lsp.vshost.exe)(HOST=ARDIAN)(USER=ard14n))))

  VERSION INFORMATION:
	TNS for 32-bit Windows: Version 10.1.0.2.0 - Production
	Windows NT TCP/IP NT Protocol Adapter for 32-bit Windows: Version 10.1.0.2.0 - Production
  Time: 13-OCT-2012 07:42:23
  Tracing not turned on.
  Tns error struct:
    ns main err code: 12541
    TNS-12541: TNS:no listener
    ns secondary err code: 12560
    nt main err code: 511
    TNS-00511: No listener
    nt secondary err code: 61
    nt OS err code: 0


***********************************************************************
Fatal NI connect error 12541, connecting to:
 (DESCRIPTION=(ADDRESS=(PROTOCOL=TCP)(HOST=ardian)(PORT=1521))(CONNECT_DATA=(SERVICE_NAME=LSP)(CID=(PROGRAM=E:\Program\LSP\PROGRAM\lsp\lsp\bin\Debug\lsp.vshost.exe)(HOST=ARDIAN)(USER=ard14n))))

  VERSION INFORMATION:
	TNS for 32-bit Windows: Version 10.1.0.2.0 - Production
	Windows NT TCP/IP NT Protocol Adapter for 32-bit Windows: Version 10.1.0.2.0 - Production
  Time: 13-OCT-2012 09:19:50
  Tracing not turned on.
  Tns error struct:
    ns main err code: 12541
    TNS-12541: TNS:no listener
    ns secondary err code: 12560
    nt main err code: 511
    TNS-00511: No listener
    nt secondary err code: 61
    nt OS err code: 0


***********************************************************************
Fatal NI connect error 12541, connecting to:
 (DESCRIPTION=(ADDRESS=(PROTOCOL=TCP)(HOST=ardian)(PORT=1521))(CONNECT_DATA=(SERVICE_NAME=LSP)(CID=(PROGRAM=E:\Program\LSP\PROGRAM\lsp\lsp\bin\Debug\lsp.vshost.exe)(HOST=ARDIAN)(USER=ard14n))))

  VERSION INFORMATION:
	TNS for 32-bit Windows: Version 10.1.0.2.0 - Production
	Windows NT TCP/IP NT Protocol Adapter for 32-bit Windows: Version 10.1.0.2.0 - Production
  Time: 13-OCT-2012 09:20:20
  Tracing not turned on.
  Tns error struct:
    ns main err code: 12541
    TNS-12541: TNS:no listener
    ns secondary err code: 12560
    nt main err code: 511
    TNS-00511: No listener
    nt secondary err code: 61
    nt OS err code: 0


***********************************************************************
Fatal NI connect error 12541, connecting to:
 (DESCRIPTION=(ADDRESS=(PROTOCOL=TCP)(HOST=ardian)(PORT=1521))(CONNECT_DATA=(SERVICE_NAME=LSP)(CID=(PROGRAM=E:\Program\LSP\PROGRAM\lsp\lsp\bin\Debug\lsp.vshost.exe)(HOST=ARDIAN)(USER=ard14n))))

  VERSION INFORMATION:
	TNS for 32-bit Windows: Version 10.1.0.2.0 - Production
	Windows NT TCP/IP NT Protocol Adapter for 32-bit Windows: Version 10.1.0.2.0 - Production
  Time: 13-OCT-2012 09:20:26
  Tracing not turned on.
  Tns error struct:
    ns main err code: 12541
    TNS-12541: TNS:no listener
    ns secondary err code: 12560
    nt main err code: 511
    TNS-00511: No listener
    nt secondary err code: 61
    nt OS err code: 0


***********************************************************************
Fatal NI connect error 12541, connecting to:
 (DESCRIPTION=(ADDRESS=(PROTOCOL=TCP)(HOST=ardian)(PORT=1521))(CONNECT_DATA=(SERVICE_NAME=LSP)(CID=(PROGRAM=E:\Program\LSP\PROGRAM\lsp\lsp\bin\Debug\lsp.vshost.exe)(HOST=ARDIAN)(USER=ard14n))))

  VERSION INFORMATION:
	TNS for 32-bit Windows: Version 10.1.0.2.0 - Production
	Windows NT TCP/IP NT Protocol Adapter for 32-bit Windows: Version 10.1.0.2.0 - Production
  Time: 17-OCT-2012 00:28:32
  Tracing not turned on.
  Tns error struct:
    ns main err code: 12541
    TNS-12541: TNS:no listener
    ns secondary err code: 12560
    nt main err code: 511
    TNS-00511: No listener
    nt secondary err code: 61
    nt OS err code: 0


***********************************************************************
Fatal NI connect error 12541, connecting to:
 (DESCRIPTION=(ADDRESS=(PROTOCOL=TCP)(HOST=ardian)(PORT=1521))(CONNECT_DATA=(SERVICE_NAME=LSP)(CID=(PROGRAM=E:\Program\LSP\PROGRAM\lsp\lsp\bin\Debug\lsp.vshost.exe)(HOST=ARDIAN)(USER=ard14n))))

  VERSION INFORMATION:
	TNS for 32-bit Windows: Version 10.1.0.2.0 - Production
	Windows NT TCP/IP NT Protocol Adapter for 32-bit Windows: Version 10.1.0.2.0 - Production
  Time: 18-OCT-2012 16:19:13
  Tracing not turned on.
  Tns error struct:
    ns main err code: 12541
    TNS-12541: TNS:no listener
    ns secondary err code: 12560
    nt main err code: 511
    TNS-00511: No listener
    nt secondary err code: 61
    nt OS err code: 0


***********************************************************************
Fatal NI connect error 12541, connecting to:
 (DESCRIPTION=(ADDRESS=(PROTOCOL=TCP)(HOST=ardian)(PORT=1521))(CONNECT_DATA=(SERVICE_NAME=LSP)(CID=(PROGRAM=E:\Program\LSP\PROGRAM\lsp\lsp\bin\Debug\lsp.vshost.exe)(HOST=ARDIAN)(USER=ard14n))))

  VERSION INFORMATION:
	TNS for 32-bit Windows: Version 10.1.0.2.0 - Production
	Windows NT TCP/IP NT Protocol Adapter for 32-bit Windows: Version 10.1.0.2.0 - Production
  Time: 22-OCT-2012 00:12:57
  Tracing not turned on.
  Tns error struct:
    ns main err code: 12541
    TNS-12541: TNS:no listener
    ns secondary err code: 12560
    nt main err code: 511
    TNS-00511: No listener
    nt secondary err code: 61
    nt OS err code: 0


***********************************************************************
Fatal NI connect error 12528, connecting to:
 (DESCRIPTION=(ADDRESS=(PROTOCOL=TCP)(HOST=ardian)(PORT=1521))(CONNECT_DATA=(SERVICE_NAME=LSP)(CID=(PROGRAM=E:\Program\LSP\PROGRAM\lsp\lsp\bin\Debug\lsp.vshost.exe)(HOST=ARDIAN)(USER=ard14n))))

  VERSION INFORMATION:
	TNS for 32-bit Windows: Version 10.1.0.2.0 - Production
	Windows NT TCP/IP NT Protocol Adapter for 32-bit Windows: Version 10.1.0.2.0 - Production
  Time: 22-OCT-2012 22:31:32
  Tracing not turned on.
  Tns error struct:
    ns main err code: 12564
    TNS-12564: TNS:connection refused
    ns secondary err code: 0
    nt main err code: 0
    nt secondary err code: 0
    nt OS err code: 0


***********************************************************************
Fatal NI connect error 12528, connecting to:
 (DESCRIPTION=(ADDRESS=(PROTOCOL=TCP)(HOST=ardian)(PORT=1521))(CONNECT_DATA=(SERVICE_NAME=LSP)(CID=(PROGRAM=E:\Program\LSP\PROGRAM\lsp\lsp\bin\Debug\lsp.vshost.exe)(HOST=ARDIAN)(USER=ard14n))))

  VERSION INFORMATION:
	TNS for 32-bit Windows: Version 10.1.0.2.0 - Production
	Windows NT TCP/IP NT Protocol Adapter for 32-bit Windows: Version 10.1.0.2.0 - Production
  Time: 22-OCT-2012 22:32:40
  Tracing not turned on.
  Tns error struct:
    ns main err code: 12564
    TNS-12564: TNS:connection refused
    ns secondary err code: 0
    nt main err code: 0
    nt secondary err code: 0
    nt OS err code: 0


***********************************************************************
Fatal NI connect error 12528, connecting to:
 (DESCRIPTION=(ADDRESS=(PROTOCOL=TCP)(HOST=ardian)(PORT=1521))(CONNECT_DATA=(SERVICE_NAME=LSP)(CID=(PROGRAM=E:\Program\LSP\PROGRAM\lsp\lsp\bin\Debug\lsp.exe)(HOST=ARDIAN)(USER=ard14n))))

  VERSION INFORMATION:
	TNS for 32-bit Windows: Version 10.1.0.2.0 - Production
	Windows NT TCP/IP NT Protocol Adapter for 32-bit Windows: Version 10.1.0.2.0 - Production
  Time: 07-NOV-2012 02:44:58
  Tracing not turned on.
  Tns error struct:
    ns main err code: 12564
    TNS-12564: TNS:connection refused
    ns secondary err code: 0
    nt main err code: 0
    nt secondary err code: 0
    nt OS err code: 0


***********************************************************************
Fatal NI connect error 12528, connecting to:
 (DESCRIPTION=(ADDRESS=(PROTOCOL=TCP)(HOST=ardian)(PORT=1521))(CONNECT_DATA=(SERVICE_NAME=LSP)(CID=(PROGRAM=E:\Program\LSP\PROGRAM\lsp\lsp\bin\Debug\lsp.exe)(HOST=ARDIAN)(USER=ard14n))))

  VERSION INFORMATION:
	TNS for 32-bit Windows: Version 10.1.0.2.0 - Production
	Windows NT TCP/IP NT Protocol Adapter for 32-bit Windows: Version 10.1.0.2.0 - Production
  Time: 07-NOV-2012 03:01:17
  Tracing not turned on.
  Tns error struct:
    ns main err code: 12564
    TNS-12564: TNS:connection refused
    ns secondary err code: 0
    nt main err code: 0
    nt secondary err code: 0
    nt OS err code: 0


***********************************************************************
Fatal NI connect error 12545, connecting to:
 (DESCRIPTION=(ADDRESS=(PROTOCOL=TCP)(HOST=serverlsp)(PORT=1521))(CONNECT_DATA=(SERVICE_NAME=LSP)(CID=(PROGRAM=E:\Program\LSP\PROGRAM\lsp\lsp\bin\Debug\lsp.vshost.exe)(HOST=ARDIAN)(USER=ard14n))))

  VERSION INFORMATION:
	TNS for 32-bit Windows: Version 10.1.0.2.0 - Production
	Windows NT TCP/IP NT Protocol Adapter for 32-bit Windows: Version 10.1.0.2.0 - Production
  Time: 27-JAN-2013 13:17:38
  Tracing not turned on.
  Tns error struct:
    ns main err code: 12545
    TNS-12545: Connect failed because target host or object does not exist
    ns secondary err code: 12560
    nt main err code: 515
    TNS-00515: Connect failed because target host or object does not exist
    nt secondary err code: 1001
    nt OS err code: 0


***********************************************************************
Fatal NI connect error 12545, connecting to:
 (DESCRIPTION=(ADDRESS=(PROTOCOL=TCP)(HOST=serverlsp)(PORT=1521))(CONNECT_DATA=(SERVICE_NAME=LSP)(CID=(PROGRAM=E:\Program\LSP\PROGRAM\lsp\lsp\bin\Debug\lsp.exe)(HOST=ARDIAN)(USER=ard14n))))

  VERSION INFORMATION:
	TNS for 32-bit Windows: Version 10.1.0.2.0 - Production
	Windows NT TCP/IP NT Protocol Adapter for 32-bit Windows: Version 10.1.0.2.0 - Production
  Time: 11-FEB-2013 01:01:45
  Tracing not turned on.
  Tns error struct:
    ns main err code: 12545
    TNS-12545: Connect failed because target host or object does not exist
    ns secondary err code: 12560
    nt main err code: 515
    TNS-00515: Connect failed because target host or object does not exist
    nt secondary err code: 1001
    nt OS err code: 0


***********************************************************************
Fatal NI connect error 12545, connecting to:
 (DESCRIPTION=(ADDRESS=(PROTOCOL=TCP)(HOST=serverlsp)(PORT=1521))(CONNECT_DATA=(SERVICE_NAME=LSP)(CID=(PROGRAM=E:\Program\LSP\PROGRAM\lsp\lsp\bin\Debug\lsp.exe)(HOST=DIAN)(USER=d14n))))

  VERSION INFORMATION:
	TNS for 32-bit Windows: Version 10.1.0.2.0 - Production
	Windows NT TCP/IP NT Protocol Adapter for 32-bit Windows: Version 10.1.0.2.0 - Production
  Time: 16-MAY-2013 22:19:59
  Tracing not turned on.
  Tns error struct:
    ns main err code: 12545
    TNS-12545: Connect failed because target host or object does not exist
    ns secondary err code: 12560
    nt main err code: 515
    TNS-00515: Connect failed because target host or object does not exist
    nt secondary err code: 1001
    nt OS err code: 0


***********************************************************************
Fatal NI connect error 12545, connecting to:
 (DESCRIPTION=(ADDRESS=(PROTOCOL=TCP)(HOST=serverlsp)(PORT=1521))(CONNECT_DATA=(SERVICE_NAME=LSP)(CID=(PROGRAM=E:\Program\LSP\PROGRAM\lsp\lsp\bin\Debug\lsp.exe)(HOST=DIAN)(USER=d14n))))

  VERSION INFORMATION:
	TNS for 32-bit Windows: Version 10.1.0.2.0 - Production
	Windows NT TCP/IP NT Protocol Adapter for 32-bit Windows: Version 10.1.0.2.0 - Production
  Time: 21-MAY-2013 21:10:03
  Tracing not turned on.
  Tns error struct:
    ns main err code: 12545
    TNS-12545: Connect failed because target host or object does not exist
    ns secondary err code: 12560
    nt main err code: 515
    TNS-00515: Connect failed because target host or object does not exist
    nt secondary err code: 1001
    nt OS err code: 0


***********************************************************************
Fatal NI connect error 12541, connecting to:
 (DESCRIPTION=(ADDRESS=(PROTOCOL=TCP)(HOST=dian)(PORT=1521))(CONNECT_DATA=(SERVICE_NAME=LSP)(CID=(PROGRAM=E:\Program\LSP\PROGRAM\lsp\lsp\bin\Debug\lsp.vshost.exe)(HOST=DIAN)(USER=d14n))))

  VERSION INFORMATION:
	TNS for 32-bit Windows: Version 10.1.0.2.0 - Production
	Windows NT TCP/IP NT Protocol Adapter for 32-bit Windows: Version 10.1.0.2.0 - Production
  Time: 25-DEC-2013 09:42:56
  Tracing not turned on.
  Tns error struct:
    ns main err code: 12541
    TNS-12541: TNS:no listener
    ns secondary err code: 12560
    nt main err code: 511
    TNS-00511: No listener
    nt secondary err code: 61
    nt OS err code: 0
