

***********************************************************************
Fatal NI connect error 12541, connecting to:
 (DESCRIPTION=(ADDRESS=(PROTOCOL=TCP)(HOST=ardian)(PORT=1521))(CONNECT_DATA=(SERVICE_NAME=LSP)(CID=(PROGRAM=C:\Program Files\Microsoft Visual Studio 10.0\Common7\IDE\devenv.exe)(HOST=ARDIAN)(USER=ard14n))))

  VERSION INFORMATION:
	TNS for 32-bit Windows: Version 10.1.0.2.0 - Production
	Windows NT TCP/IP NT Protocol Adapter for 32-bit Windows: Version 10.1.0.2.0 - Production
  Time: 08-SEP-2012 07:25:28
  Tracing not turned on.
  Tns error struct:
    ns main err code: 12541
    TNS-12541: TNS:no listener
    ns secondary err code: 12560
    nt main err code: 511
    TNS-00511: No listener
    nt secondary err code: 61
    nt OS err code: 0


***********************************************************************
Fatal NI connect error 12541, connecting to:
 (DESCRIPTION=(ADDRESS=(PROTOCOL=TCP)(HOST=ardian)(PORT=1521))(CONNECT_DATA=(SERVICE_NAME=LSP)(CID=(PROGRAM=C:\Program Files\Microsoft Visual Studio 10.0\Common7\IDE\devenv.exe)(HOST=ARDIAN)(USER=ard14n))))

  VERSION INFORMATION:
	TNS for 32-bit Windows: Version 10.1.0.2.0 - Production
	Windows NT TCP/IP NT Protocol Adapter for 32-bit Windows: Version 10.1.0.2.0 - Production
  Time: 08-SEP-2012 07:25:34
  Tracing not turned on.
  Tns error struct:
    ns main err code: 12541
    TNS-12541: TNS:no listener
    ns secondary err code: 12560
    nt main err code: 511
    TNS-00511: No listener
    nt secondary err code: 61
    nt OS err code: 0


***********************************************************************
Fatal NI connect error 12541, connecting to:
 (DESCRIPTION=(ADDRESS=(PROTOCOL=TCP)(HOST=ardian)(PORT=1521))(CONNECT_DATA=(SERVICE_NAME=LSP)(CID=(PROGRAM=C:\Program Files\Microsoft Visual Studio 10.0\Common7\IDE\devenv.exe)(HOST=ARDIAN)(USER=ard14n))))

  VERSION INFORMATION:
	TNS for 32-bit Windows: Version 10.1.0.2.0 - Production
	Windows NT TCP/IP NT Protocol Adapter for 32-bit Windows: Version 10.1.0.2.0 - Production
  Time: 08-SEP-2012 07:26:45
  Tracing not turned on.
  Tns error struct:
    ns main err code: 12541
    TNS-12541: TNS:no listener
    ns secondary err code: 12560
    nt main err code: 511
    TNS-00511: No listener
    nt secondary err code: 61
    nt OS err code: 0


***********************************************************************
Fatal NI connect error 12541, connecting to:
 (DESCRIPTION=(ADDRESS=(PROTOCOL=TCP)(HOST=ARDIAN)(PORT=1521))(CONNECT_DATA=(SERVICE_NAME=LSP)(CID=(PROGRAM=C:\Program Files\Microsoft Visual Studio 10.0\Common7\IDE\devenv.exe)(HOST=ARDIAN)(USER=ard14n))))

  VERSION INFORMATION:
	TNS for 32-bit Windows: Version 10.1.0.2.0 - Production
	Windows NT TCP/IP NT Protocol Adapter for 32-bit Windows: Version 10.1.0.2.0 - Production
  Time: 30-JAN-2013 21:58:32
  Tracing not turned on.
  Tns error struct:
    ns main err code: 12541
    TNS-12541: TNS:no listener
    ns secondary err code: 12560
    nt main err code: 511
    TNS-00511: No listener
    nt secondary err code: 61
    nt OS err code: 0


***********************************************************************
Fatal NI connect error 12541, connecting to:
 (DESCRIPTION=(ADDRESS=(PROTOCOL=TCP)(HOST=ARDIAN)(PORT=1521))(CONNECT_DATA=(SERVICE_NAME=LSP)(CID=(PROGRAM=C:\Program Files\Microsoft Visual Studio 10.0\Common7\IDE\devenv.exe)(HOST=ARDIAN)(USER=ard14n))))

  VERSION INFORMATION:
	TNS for 32-bit Windows: Version 10.1.0.2.0 - Production
	Windows NT TCP/IP NT Protocol Adapter for 32-bit Windows: Version 10.1.0.2.0 - Production
  Time: 30-JAN-2013 21:58:39
  Tracing not turned on.
  Tns error struct:
    ns main err code: 12541
    TNS-12541: TNS:no listener
    ns secondary err code: 12560
    nt main err code: 511
    TNS-00511: No listener
    nt secondary err code: 61
    nt OS err code: 0


***********************************************************************
Fatal NI connect error 12541, connecting to:
 (DESCRIPTION=(ADDRESS=(PROTOCOL=TCP)(HOST=ARDIAN)(PORT=1521))(CONNECT_DATA=(SERVICE_NAME=LSP)(CID=(PROGRAM=C:\Program Files\Microsoft Visual Studio 10.0\Common7\IDE\devenv.exe)(HOST=ARDIAN)(USER=ard14n))))

  VERSION INFORMATION:
	TNS for 32-bit Windows: Version 10.1.0.2.0 - Production
	Windows NT TCP/IP NT Protocol Adapter for 32-bit Windows: Version 10.1.0.2.0 - Production
  Time: 30-JAN-2013 21:58:50
  Tracing not turned on.
  Tns error struct:
    ns main err code: 12541
    TNS-12541: TNS:no listener
    ns secondary err code: 12560
    nt main err code: 511
    TNS-00511: No listener
    nt secondary err code: 61
    nt OS err code: 0


***********************************************************************
Fatal NI connect error 12541, connecting to:
 (DESCRIPTION=(ADDRESS=(PROTOCOL=TCP)(HOST=ARDIAN)(PORT=1521))(CONNECT_DATA=(SERVICE_NAME=LSP)(CID=(PROGRAM=C:\Program Files\Microsoft Visual Studio 10.0\Common7\IDE\devenv.exe)(HOST=ARDIAN)(USER=ard14n))))

  VERSION INFORMATION:
	TNS for 32-bit Windows: Version 10.1.0.2.0 - Production
	Windows NT TCP/IP NT Protocol Adapter for 32-bit Windows: Version 10.1.0.2.0 - Production
  Time: 30-JAN-2013 21:58:55
  Tracing not turned on.
  Tns error struct:
    ns main err code: 12541
    TNS-12541: TNS:no listener
    ns secondary err code: 12560
    nt main err code: 511
    TNS-00511: No listener
    nt secondary err code: 61
    nt OS err code: 0
